<?xml version="1.0" encoding="UTF-8"?>
<!-- Generated by org.testng.reporters.JUnitXMLReporter -->
<testsuite ignored="0" hostname="Tejshrees-MacBook-Air.local" failures="0" tests="11" name="Surefire test" time="52.955" errors="0" timestamp="2024-09-04T19:46:12 EDT">
  <testcase classname="com.crm.qa.testcases.CreateNewContactPageTests" name="verifyDataCanBeAddedFromExcelSheet" time="1.218"/>
  <testcase classname="com.crm.qa.testcases.CreateNewContactPageTests" name="verifyDataCanBeAddedFromExcelSheet" time="1.156"/>
  <testcase classname="com.crm.qa.testcases.CreateNewContactPageTests" name="verifyDataCanBeAddedFromExcelSheet" time="1.25"/>
  <testcase classname="com.crm.qa.testcases.CreateNewContactPageTests" name="verifyDataCanBeAddedFromExcelSheet" time="1.248"/>
  <testcase classname="com.crm.qa.testcases.CreateNewContactPageTests" name="verifyNewContactIsCreatedByJustAddingMandatoryFields" time="1.451"/>
  <testcase classname="com.crm.qa.testcases.LoginPageTests" name="verifyClickingOnSignUpNavigatesUserToRegisterPage" time="1.002"/>
  <testcase classname="com.crm.qa.testcases.LoginPageTests" name="verifyLoginPageTitle" time="0.004"/>
  <testcase classname="com.crm.qa.testcases.LoginPageTests" name="verifyUserCanLoginWithCorrectCredentials" time="1.0"/>
  <testcase classname="com.crm.qa.testcases.LoginPageTests" name="verifyUserGetsErrorMessageWithWrongCreds" time="0.572"/>
  <testcase classname="com.crm.qa.testcases.HomePageTests" name="verifyClickingOnContactsRedirectsToContactsPage" time="1.151"/>
  <testcase classname="com.crm.qa.testcases.HomePageTests" name="verifyCreateNewCustomerPageOpensWhenPlusButtonIsClicked" time="1.122"/>
</testsuite> <!-- Surefire test -->
