<?xml version="1.0" encoding="UTF-8"?>
<!-- Generated by org.testng.reporters.JUnitXMLReporter -->
<testsuite ignored="1" hostname="Tejshrees-MacBook-Air.local" failures="0" tests="4" name="Default test" time="212.986" errors="0" timestamp="2024-09-03T12:49:43 EDT">
  <testcase classname="com.crm.qa.testcases.CreateNewContactPageTests" name="verifyDataCanBeAddedFromExcelSheet" time="9.323"/>
  <testcase classname="com.crm.qa.testcases.CreateNewContactPageTests" name="verifyDataCanBeAddedFromExcelSheet" time="9.089"/>
  <testcase classname="com.crm.qa.testcases.CreateNewContactPageTests" name="verifyDataCanBeAddedFromExcelSheet" time="8.843"/>
  <testcase classname="com.crm.qa.testcases.CreateNewContactPageTests" name="verifyDataCanBeAddedFromExcelSheet" time="8.872"/>
  <testcase classname="com.crm.qa.testcases.CreateNewContactPageTests" name="verifyNewContactIsCreatedByJustAddingMandatoryFields" time="0.0">
    <ignored/>
  </testcase> <!-- verifyNewContactIsCreatedByJustAddingMandatoryFields -->
</testsuite> <!-- Default test -->
