<?xml version="1.0" encoding="UTF-8"?>
<testsuite xmlns:xsi="http://www.w3.org/2001/XMLSchema-instance" xsi:noNamespaceSchemaLocation="https://maven.apache.org/surefire/maven-surefire-plugin/xsd/surefire-test-report-3.0.xsd" version="3.0" name="TestSuite" time="53.199" tests="11" errors="0" skipped="0" failures="0">
  <properties>
[...]
</properties>
  <testcase name="verifyDataCanBeAddedFromExcelSheet[Test1, Last1](1)" classname="com.crm.qa.testcases.CreateNewContactPageTests" time="1.223">
    <system-out><![CDATA[Sending 'harshad.mahajan1290@gmail.com' to element '[[ChromeDriver: chrome on mac (3720de1a7fa1a61a410594f539f8a3a2)] -> name: email]'
Sending 'P@ssword123' to element '[[ChromeDriver: chrome on mac (3720de1a7fa1a61a410594f539f8a3a2)] -> name: password]'
Clicking Login Button
Clicking Add New Contact + button
Sending 'Test1' to element '[[ChromeDriver: chrome on mac (3720de1a7fa1a61a410594f539f8a3a2)] -> name: first_name]'
Sending 'Last1' to element '[[ChromeDriver: chrome on mac (3720de1a7fa1a61a410594f539f8a3a2)] -> name: last_name]'
Clicking Save
Clicking Contacts
]]></system-out>
    <system-err><![CDATA[SLF4J: Failed to load class "org.slf4j.impl.StaticLoggerBinder".
SLF4J: Defaulting to no-operation (NOP) logger implementation
SLF4J: See http://www.slf4j.org/codes.html#StaticLoggerBinder for further details.
Sep 04, 2024 7:45:25 P.M. org.openqa.selenium.devtools.CdpVersionFinder findNearestMatch
WARNING: Unable to find an exact match for CDP version 128, returning the closest version; found: 127; Please update to a Selenium version that supports CDP version 128
]]></system-err>
  </testcase>
  <testcase name="verifyDataCanBeAddedFromExcelSheet[Test2, Last2](2)" classname="com.crm.qa.testcases.CreateNewContactPageTests" time="1.156">
    <system-out><![CDATA[Sending 'harshad.mahajan1290@gmail.com' to element '[[ChromeDriver: chrome on mac (3311a451b362c6ce379cca9161c5784d)] -> name: email]'
Sending 'P@ssword123' to element '[[ChromeDriver: chrome on mac (3311a451b362c6ce379cca9161c5784d)] -> name: password]'
Clicking Login Button
Clicking Add New Contact + button
Sending 'Test2' to element '[[ChromeDriver: chrome on mac (3311a451b362c6ce379cca9161c5784d)] -> name: first_name]'
Sending 'Last2' to element '[[ChromeDriver: chrome on mac (3311a451b362c6ce379cca9161c5784d)] -> name: last_name]'
Clicking Save
Clicking Contacts
]]></system-out>
    <system-err><![CDATA[Sep 04, 2024 7:45:31 P.M. org.openqa.selenium.devtools.CdpVersionFinder findNearestMatch
WARNING: Unable to find an exact match for CDP version 128, returning the closest version; found: 127; Please update to a Selenium version that supports CDP version 128
]]></system-err>
  </testcase>
  <testcase name="verifyDataCanBeAddedFromExcelSheet[Test3, Last3](3)" classname="com.crm.qa.testcases.CreateNewContactPageTests" time="1.25">
    <system-out><![CDATA[Sending 'harshad.mahajan1290@gmail.com' to element '[[ChromeDriver: chrome on mac (a35cbda35efc7c8bb5c41f37a8f169e9)] -> name: email]'
Sending 'P@ssword123' to element '[[ChromeDriver: chrome on mac (a35cbda35efc7c8bb5c41f37a8f169e9)] -> name: password]'
Clicking Login Button
Clicking Add New Contact + button
Sending 'Test3' to element '[[ChromeDriver: chrome on mac (a35cbda35efc7c8bb5c41f37a8f169e9)] -> name: first_name]'
Sending 'Last3' to element '[[ChromeDriver: chrome on mac (a35cbda35efc7c8bb5c41f37a8f169e9)] -> name: last_name]'
Clicking Save
Clicking Contacts
]]></system-out>
    <system-err><![CDATA[Sep 04, 2024 7:45:36 P.M. org.openqa.selenium.devtools.CdpVersionFinder findNearestMatch
WARNING: Unable to find an exact match for CDP version 128, returning the closest version; found: 127; Please update to a Selenium version that supports CDP version 128
]]></system-err>
  </testcase>
  <testcase name="verifyDataCanBeAddedFromExcelSheet[Test4, Last4](4)" classname="com.crm.qa.testcases.CreateNewContactPageTests" time="1.249">
    <system-out><![CDATA[Sending 'harshad.mahajan1290@gmail.com' to element '[[ChromeDriver: chrome on mac (25de67c4f86145d43eec9c4c7b33a761)] -> name: email]'
Sending 'P@ssword123' to element '[[ChromeDriver: chrome on mac (25de67c4f86145d43eec9c4c7b33a761)] -> name: password]'
Clicking Login Button
Clicking Add New Contact + button
Sending 'Test4' to element '[[ChromeDriver: chrome on mac (25de67c4f86145d43eec9c4c7b33a761)] -> name: first_name]'
Sending 'Last4' to element '[[ChromeDriver: chrome on mac (25de67c4f86145d43eec9c4c7b33a761)] -> name: last_name]'
Clicking Save
Clicking Contacts
]]></system-out>
    <system-err><![CDATA[Sep 04, 2024 7:45:42 P.M. org.openqa.selenium.devtools.CdpVersionFinder findNearestMatch
WARNING: Unable to find an exact match for CDP version 128, returning the closest version; found: 127; Please update to a Selenium version that supports CDP version 128
]]></system-err>
  </testcase>
  <testcase name="verifyNewContactIsCreatedByJustAddingMandatoryFields" classname="com.crm.qa.testcases.CreateNewContactPageTests" time="1.452">
    <system-out><![CDATA[Sending 'harshad.mahajan1290@gmail.com' to element '[[ChromeDriver: chrome on mac (c94656e75133c01d59685cd784e01aa1)] -> name: email]'
Sending 'P@ssword123' to element '[[ChromeDriver: chrome on mac (c94656e75133c01d59685cd784e01aa1)] -> name: password]'
Clicking Login Button
Clicking Add New Contact + button
Sending 'NewCo1725493550841' to element '[[ChromeDriver: chrome on mac (c94656e75133c01d59685cd784e01aa1)] -> name: first_name]'
Sending 'ntact1725493550841' to element '[[ChromeDriver: chrome on mac (c94656e75133c01d59685cd784e01aa1)] -> name: last_name]'
Clicking Save
Clicking Contacts
]]></system-out>
    <system-err><![CDATA[Sep 04, 2024 7:45:47 P.M. org.openqa.selenium.devtools.CdpVersionFinder findNearestMatch
WARNING: Unable to find an exact match for CDP version 128, returning the closest version; found: 127; Please update to a Selenium version that supports CDP version 128
]]></system-err>
  </testcase>
  <testcase name="verifyClickingOnSignUpNavigatesUserToRegisterPage" classname="com.crm.qa.testcases.LoginPageTests" time="1.002">
    <system-out><![CDATA[Clicking Sign Up link
2024-09-04 19.45.55 - [ASSERT PASSED] User is on Sign Up page
]]></system-out>
    <system-err><![CDATA[Sep 04, 2024 7:45:53 P.M. org.openqa.selenium.devtools.CdpVersionFinder findNearestMatch
WARNING: Unable to find an exact match for CDP version 128, returning the closest version; found: 127; Please update to a Selenium version that supports CDP version 128
]]></system-err>
  </testcase>
  <testcase name="verifyLoginPageTitle" classname="com.crm.qa.testcases.LoginPageTests" time="0.003">
    <system-err><![CDATA[Sep 04, 2024 7:45:56 P.M. org.openqa.selenium.devtools.CdpVersionFinder findNearestMatch
WARNING: Unable to find an exact match for CDP version 128, returning the closest version; found: 127; Please update to a Selenium version that supports CDP version 128
]]></system-err>
  </testcase>
  <testcase name="verifyUserCanLoginWithCorrectCredentials" classname="com.crm.qa.testcases.LoginPageTests" time="1.0">
    <system-out><![CDATA[Sending 'harshad.mahajan1290@gmail.com' to element '[[ChromeDriver: chrome on mac (bb50ce724b67d3edac7b9108af103905)] -> name: email]'
Sending 'P@ssword123' to element '[[ChromeDriver: chrome on mac (bb50ce724b67d3edac7b9108af103905)] -> name: password]'
Clicking Login Button
2024-09-04 19.46.01 - [ASSERT PASSED] Logged user is same
]]></system-out>
    <system-err><![CDATA[Sep 04, 2024 7:45:59 P.M. org.openqa.selenium.devtools.CdpVersionFinder findNearestMatch
WARNING: Unable to find an exact match for CDP version 128, returning the closest version; found: 127; Please update to a Selenium version that supports CDP version 128
]]></system-err>
  </testcase>
  <testcase name="verifyUserGetsErrorMessageWithWrongCreds" classname="com.crm.qa.testcases.LoginPageTests" time="0.571">
    <system-out><![CDATA[Sending 'Test1' to element '[[ChromeDriver: chrome on mac (afe7a8a681c691a4a797f60d90e27a93)] -> name: email]'
Sending '123456' to element '[[ChromeDriver: chrome on mac (afe7a8a681c691a4a797f60d90e27a93)] -> name: password]'
Clicking Login Button
2024-09-04 19.46.05 - [ASSERT PASSED] Invalid login error message text does match
]]></system-out>
    <system-err><![CDATA[Sep 04, 2024 7:46:02 P.M. org.openqa.selenium.devtools.CdpVersionFinder findNearestMatch
WARNING: Unable to find an exact match for CDP version 128, returning the closest version; found: 127; Please update to a Selenium version that supports CDP version 128
]]></system-err>
  </testcase>
  <testcase name="verifyClickingOnContactsRedirectsToContactsPage" classname="com.crm.qa.testcases.HomePageTests" time="1.15">
    <system-out><![CDATA[Sending 'harshad.mahajan1290@gmail.com' to element '[[ChromeDriver: chrome on mac (a210af57fe4aeb81343a43d18580a12d)] -> name: email]'
Sending 'P@ssword123' to element '[[ChromeDriver: chrome on mac (a210af57fe4aeb81343a43d18580a12d)] -> name: password]'
Clicking Login Button
Clicking Contacts
]]></system-out>
    <system-err><![CDATA[Sep 04, 2024 7:46:05 P.M. org.openqa.selenium.devtools.CdpVersionFinder findNearestMatch
WARNING: Unable to find an exact match for CDP version 128, returning the closest version; found: 127; Please update to a Selenium version that supports CDP version 128
]]></system-err>
  </testcase>
  <testcase name="verifyCreateNewCustomerPageOpensWhenPlusButtonIsClicked" classname="com.crm.qa.testcases.HomePageTests" time="1.122">
    <system-out><![CDATA[Sending 'harshad.mahajan1290@gmail.com' to element '[[ChromeDriver: chrome on mac (dff45beea797989902da94abd676ef72)] -> name: email]'
Sending 'P@ssword123' to element '[[ChromeDriver: chrome on mac (dff45beea797989902da94abd676ef72)] -> name: password]'
Clicking Login Button
Clicking Add New Contact + button
]]></system-out>
    <system-err><![CDATA[Sep 04, 2024 7:46:09 P.M. org.openqa.selenium.devtools.CdpVersionFinder findNearestMatch
WARNING: Unable to find an exact match for CDP version 128, returning the closest version; found: 127; Please update to a Selenium version that supports CDP version 128
]]></system-err>
  </testcase>
</testsuite>